  getbmp.cpp
c1xx : fatal error C1083: Cannot open source file: '..\..\..\..\Desktop\FieldAndSky\getbmp.cpp': No such file or directory
  Source.cpp
c:\users\nishi\source\repos\finalproject\finalproject\source.cpp(63): warning C4305: 'initializing': truncation from 'double' to 'GLfloat'
c:\users\nishi\source\repos\finalproject\finalproject\source.cpp(73): warning C4305: 'initializing': truncation from 'double' to 'GLfloat'
c:\users\nishi\source\repos\finalproject\finalproject\source.cpp(100): warning C4305: 'initializing': truncation from 'double' to 'GLfloat'
c:\users\nishi\source\repos\finalproject\finalproject\source.cpp(174): warning C4305: 'initializing': truncation from 'double' to 'GLfloat'
c:\users\nishi\source\repos\finalproject\finalproject\source.cpp(233): warning C4305: 'argument': truncation from 'double' to 'GLfloat'
c:\users\nishi\source\repos\finalproject\finalproject\source.cpp(400): warning C4305: 'argument': truncation from 'double' to 'GLfloat'
c:\users\nishi\source\repos\finalproject\finalproject\source.cpp(401): warning C4305: 'argument': truncation from 'double' to 'GLfloat'
c:\users\nishi\source\repos\finalproject\finalproject\source.cpp(402): warning C4305: 'argument': truncation from 'double' to 'GLfloat'
c:\users\nishi\source\repos\finalproject\finalproject\source.cpp(403): warning C4305: 'argument': truncation from 'double' to 'GLfloat'
c:\users\nishi\source\repos\finalproject\finalproject\source.cpp(420): warning C4305: 'argument': truncation from 'double' to 'GLfloat'
c:\users\nishi\source\repos\finalproject\finalproject\source.cpp(421): warning C4305: 'argument': truncation from 'double' to 'GLfloat'
c:\users\nishi\source\repos\finalproject\finalproject\source.cpp(422): warning C4305: 'argument': truncation from 'double' to 'GLfloat'
c:\users\nishi\source\repos\finalproject\finalproject\source.cpp(423): warning C4305: 'argument': truncation from 'double' to 'GLfloat'
c:\users\nishi\source\repos\finalproject\finalproject\source.cpp(468): warning C4305: 'argument': truncation from 'double' to 'GLfloat'
c:\users\nishi\source\repos\finalproject\finalproject\source.cpp(473): warning C4305: 'argument': truncation from 'double' to 'GLfloat'
c:\users\nishi\source\repos\finalproject\finalproject\source.cpp(482): warning C4305: 'argument': truncation from 'double' to 'GLfloat'
c:\users\nishi\source\repos\finalproject\finalproject\source.cpp(488): warning C4305: 'argument': truncation from 'double' to 'GLfloat'
c:\users\nishi\source\repos\finalproject\finalproject\source.cpp(492): warning C4305: 'argument': truncation from 'double' to 'GLfloat'
c:\users\nishi\source\repos\finalproject\finalproject\source.cpp(496): warning C4305: 'argument': truncation from 'double' to 'GLfloat'
c:\users\nishi\source\repos\finalproject\finalproject\source.cpp(500): warning C4305: 'argument': truncation from 'double' to 'GLfloat'
c:\users\nishi\source\repos\finalproject\finalproject\source.cpp(508): warning C4305: 'argument': truncation from 'double' to 'GLfloat'
c:\users\nishi\source\repos\finalproject\finalproject\source.cpp(519): warning C4305: 'argument': truncation from 'double' to 'GLfloat'
c:\users\nishi\source\repos\finalproject\finalproject\source.cpp(528): warning C4305: 'argument': truncation from 'double' to 'GLfloat'
c:\users\nishi\source\repos\finalproject\finalproject\source.cpp(552): warning C4305: 'argument': truncation from 'double' to 'GLfloat'
c:\users\nishi\source\repos\finalproject\finalproject\source.cpp(558): warning C4305: 'argument': truncation from 'double' to 'GLfloat'
c:\users\nishi\source\repos\finalproject\finalproject\source.cpp(729): warning C4244: 'argument': conversion from 'double' to 'unsigned int', possible loss of data
